<?xml version="1.0" encoding="UTF-8"?>
<Site BuildName="Linux-g++"
	BuildStamp="20231027-2247-Experimental"
	Name="DESKTOP-UIQU8DC"
	Generator="ctest-3.22.1"
	CompilerName="/usr/bin/g++"
	CompilerVersion="11.4.0"
	OSName="Linux"
	Hostname="DESKTOP-UIQU8DC"
	OSRelease="5.10.16.3-microsoft-standard-WSL2"
	OSVersion="#1 SMP Fri Apr 2 22:23:49 UTC 2021"
	OSPlatform="x86_64"
	Is64Bits="1"
	VendorString="GenuineIntel"
	VendorID="Intel Corporation"
	FamilyID="6"
	ModelID="151"
	ProcessorCacheSize="12288"
	NumberOfLogicalCPU="8"
	NumberOfPhysicalCPU="4"
	TotalVirtualMemory="4096"
	TotalPhysicalMemory="12652"
	LogicalProcessorsPerPhysical="2"
	ProcessorClockFrequency="3302.4"
	>
	<Testing>
		<StartDateTime>Oct 28 01:47 EEST</StartDateTime>
		<StartTestTime>1698446864</StartTestTime>
		<TestList/>
		<EndDateTime>Oct 28 01:47 EEST</EndDateTime>
		<EndTestTime>1698446864</EndTestTime>
		<ElapsedMinutes>0</ElapsedMinutes>
	</Testing>
</Site>
